<?xml version="1.0" encoding="UTF-8"?>
<!-- Generated by org.testng.reporters.JUnitReportReporter -->
<testsuite skipped="0" hostname="H9W65C2-XSEED" name="Testing.Elements" tests="1" failures="0" timestamp="17 Oct 2017 08:05:07 GMT" time="43.987" errors="0">
  <testcase name="Login" time="43.987" classname="Testing.Elements"/>
</testsuite> <!-- Testing.Elements -->
